-------------------------------------------------------------------------------
Test set: TestLoginFeature.TestLogin
-------------------------------------------------------------------------------
Tests run: 2, Failures: 1, Errors: 0, Skipped: 0, Time elapsed: 0.115 s <<< FAILURE! - in TestLoginFeature.TestLogin
TestValidUser  Time elapsed: 0.039 s  <<< FAILURE!
org.opentest4j.AssertionFailedError: expected: <true> but was: <false>
	at TestLoginFeature.TestLogin.TestValidUser(TestLogin.java:29)

